<?xml version="1.0" encoding="UTF-8"?>
<!-- Generated by org.testng.reporters.JUnitReportReporter -->
<testsuite skipped="0" hostname="LAPTOP-AEP0P0EM" name="TOOC.RegisterUserNewCard" tests="30" failures="0" timestamp="2020-07-03T13:43:28 IST" time="7097.029" errors="0">
  <testcase name="userLogin" time="236.141" classname="TOOC.RegisterUserNewCard"/>
  <testcase name="userLogin" time="232.435" classname="TOOC.RegisterUserNewCard"/>
  <testcase name="userLogin" time="233.360" classname="TOOC.RegisterUserNewCard"/>
  <testcase name="userLogin" time="238.692" classname="TOOC.RegisterUserNewCard"/>
  <testcase name="userLogin" time="234.338" classname="TOOC.RegisterUserNewCard"/>
  <testcase name="userLogin" time="238.574" classname="TOOC.RegisterUserNewCard"/>
  <testcase name="userLogin" time="241.645" classname="TOOC.RegisterUserNewCard"/>
  <testcase name="userLogin" time="231.677" classname="TOOC.RegisterUserNewCard"/>
  <testcase name="userLogin" time="246.357" classname="TOOC.RegisterUserNewCard"/>
  <testcase name="userLogin" time="234.737" classname="TOOC.RegisterUserNewCard"/>
  <testcase name="userLogin" time="239.976" classname="TOOC.RegisterUserNewCard"/>
  <testcase name="userLogin" time="235.135" classname="TOOC.RegisterUserNewCard"/>
  <testcase name="userLogin" time="230.194" classname="TOOC.RegisterUserNewCard"/>
  <testcase name="userLogin" time="241.999" classname="TOOC.RegisterUserNewCard"/>
  <testcase name="userLogin" time="234.311" classname="TOOC.RegisterUserNewCard"/>
  <testcase name="userLogin" time="231.987" classname="TOOC.RegisterUserNewCard"/>
  <testcase name="userLogin" time="232.022" classname="TOOC.RegisterUserNewCard"/>
  <testcase name="userLogin" time="231.654" classname="TOOC.RegisterUserNewCard"/>
  <testcase name="userLogin" time="233.780" classname="TOOC.RegisterUserNewCard"/>
  <testcase name="userLogin" time="234.237" classname="TOOC.RegisterUserNewCard"/>
  <testcase name="userLogin" time="251.718" classname="TOOC.RegisterUserNewCard"/>
  <testcase name="userLogin" time="230.217" classname="TOOC.RegisterUserNewCard"/>
  <testcase name="userLogin" time="242.074" classname="TOOC.RegisterUserNewCard"/>
  <testcase name="userLogin" time="238.952" classname="TOOC.RegisterUserNewCard"/>
  <testcase name="userLogin" time="238.655" classname="TOOC.RegisterUserNewCard"/>
  <testcase name="userLogin" time="233.086" classname="TOOC.RegisterUserNewCard"/>
  <testcase name="userLogin" time="239.063" classname="TOOC.RegisterUserNewCard"/>
  <testcase name="userLogin" time="231.304" classname="TOOC.RegisterUserNewCard"/>
  <testcase name="userLogin" time="236.401" classname="TOOC.RegisterUserNewCard"/>
  <testcase name="userLogin" time="242.308" classname="TOOC.RegisterUserNewCard"/>
</testsuite> <!-- TOOC.RegisterUserNewCard -->
